2020-01-02 10:16:18.794  INFO 10188 --- [restartedMain] com.example.demo.DemoApplication         : Starting DemoApplication on DESKTOP-RF9T3V1 with PID 10188 (G:\workspace\myDemo\demo\target\classes started by PXX05 in G:\workspace\myDemo\demo)
2020-01-02 10:16:18.826  INFO 10188 --- [restartedMain] com.example.demo.DemoApplication         : The following profiles are active: test
2020-01-02 10:16:18.863  INFO 10188 --- [restartedMain] .e.DevToolsPropertyDefaultsPostProcessor : Devtools property defaults active! Set 'spring.devtools.add-properties' to 'false' to disable
2020-01-02 10:16:18.864  INFO 10188 --- [restartedMain] .e.DevToolsPropertyDefaultsPostProcessor : For additional web related logging consider setting the 'logging.level.web' property to 'DEBUG'
2020-01-02 10:16:19.613  INFO 10188 --- [restartedMain] .s.d.r.c.RepositoryConfigurationDelegate : Multiple Spring Data modules found, entering strict repository configuration mode!
2020-01-02 10:16:19.615  INFO 10188 --- [restartedMain] .s.d.r.c.RepositoryConfigurationDelegate : Bootstrapping Spring Data repositories in DEFAULT mode.
2020-01-02 10:16:19.633  INFO 10188 --- [restartedMain] .s.d.r.c.RepositoryConfigurationDelegate : Finished Spring Data repository scanning in 7ms. Found 0 repository interfaces.
2020-01-02 10:16:19.900  INFO 10188 --- [restartedMain] trationDelegate$BeanPostProcessorChecker : Bean 'org.springframework.transaction.annotation.ProxyTransactionManagementConfiguration' of type [org.springframework.transaction.annotation.ProxyTransactionManagementConfiguration$$EnhancerBySpringCGLIB$$bb6e9a21] is not eligible for getting processed by all BeanPostProcessors (for example: not eligible for auto-proxying)
2020-01-02 10:16:20.258  INFO 10188 --- [restartedMain] o.s.b.w.embedded.tomcat.TomcatWebServer  : Tomcat initialized with port(s): 8093 (http)
2020-01-02 10:16:20.277  INFO 10188 --- [restartedMain] o.apache.catalina.core.StandardService   : Starting service [Tomcat]
2020-01-02 10:16:20.277  INFO 10188 --- [restartedMain] org.apache.catalina.core.StandardEngine  : Starting Servlet engine: [Apache Tomcat/9.0.17]
2020-01-02 10:16:20.357  INFO 10188 --- [restartedMain] o.a.c.c.C.[Tomcat].[localhost].[/]       : Initializing Spring embedded WebApplicationContext
2020-01-02 10:16:20.358  INFO 10188 --- [restartedMain] o.s.web.context.ContextLoader            : Root WebApplicationContext: initialization completed in 1493 ms
2020-01-02 10:16:20.544  INFO 10188 --- [restartedMain] com.zaxxer.hikari.HikariDataSource       : HikariPool-1 - Starting...
2020-01-02 10:16:20.779  INFO 10188 --- [restartedMain] com.zaxxer.hikari.HikariDataSource       : HikariPool-1 - Start completed.
2020-01-02 10:16:21.455  INFO 10188 --- [restartedMain] o.s.s.concurrent.ThreadPoolTaskExecutor  : Initializing ExecutorService 'applicationTaskExecutor'
2020-01-02 10:16:21.522  INFO 10188 --- [restartedMain] o.s.b.d.a.OptionalLiveReloadServer       : LiveReload server is running on port 35729
2020-01-02 10:16:21.592  INFO 10188 --- [restartedMain] o.s.b.a.w.s.WelcomePageHandlerMapping    : Adding welcome page: class path resource [static/index.html]
2020-01-02 10:16:21.808  INFO 10188 --- [restartedMain] org.quartz.impl.StdSchedulerFactory      : Using default implementation for ThreadExecutor
2020-01-02 10:16:21.816  INFO 10188 --- [restartedMain] org.quartz.core.SchedulerSignalerImpl    : Initialized Scheduler Signaller of type: class org.quartz.core.SchedulerSignalerImpl
2020-01-02 10:16:21.817  INFO 10188 --- [restartedMain] org.quartz.core.QuartzScheduler          : Quartz Scheduler v.2.2.1 created.
2020-01-02 10:16:21.817  INFO 10188 --- [restartedMain] org.quartz.simpl.RAMJobStore             : RAMJobStore initialized.
2020-01-02 10:16:21.818  INFO 10188 --- [restartedMain] org.quartz.core.QuartzScheduler          : Scheduler meta-data: Quartz Scheduler (v2.2.1) 'quartzScheduler' with instanceId 'NON_CLUSTERED'
  Scheduler class: 'org.quartz.core.QuartzScheduler' - running locally.
  NOT STARTED.
  Currently in standby mode.
  Number of jobs executed: 0
  Using thread pool 'org.quartz.simpl.SimpleThreadPool' - with 10 threads.
  Using job-store 'org.quartz.simpl.RAMJobStore' - which does not support persistence. and is not clustered.

2020-01-02 10:16:21.818  INFO 10188 --- [restartedMain] org.quartz.impl.StdSchedulerFactory      : Quartz scheduler 'quartzScheduler' initialized from an externally provided properties instance.
2020-01-02 10:16:21.818  INFO 10188 --- [restartedMain] org.quartz.impl.StdSchedulerFactory      : Quartz scheduler version: 2.2.1
2020-01-02 10:16:21.818  INFO 10188 --- [restartedMain] org.quartz.core.QuartzScheduler          : JobFactory set to: org.springframework.scheduling.quartz.SpringBeanJobFactory@18b42cbc
2020-01-02 10:16:21.880  INFO 10188 --- [restartedMain] d.s.w.p.DocumentationPluginsBootstrapper : Context refreshed
2020-01-02 10:16:21.890  INFO 10188 --- [restartedMain] d.s.w.p.DocumentationPluginsBootstrapper : Found 1 custom documentation plugin(s)
2020-01-02 10:16:21.896  INFO 10188 --- [restartedMain] s.d.s.w.s.ApiListingReferenceScanner     : Scanning for api listing references
2020-01-02 10:16:21.905  INFO 10188 --- [restartedMain] o.s.s.quartz.SchedulerFactoryBean        : Starting Quartz Scheduler now
2020-01-02 10:16:21.905  INFO 10188 --- [restartedMain] org.quartz.core.QuartzScheduler          : Scheduler quartzScheduler_$_NON_CLUSTERED started.
2020-01-02 10:16:21.945  INFO 10188 --- [restartedMain] o.s.b.w.embedded.tomcat.TomcatWebServer  : Tomcat started on port(s): 8093 (http) with context path ''
2020-01-02 10:16:21.947  INFO 10188 --- [restartedMain] com.example.demo.DemoApplication         : Started DemoApplication in 3.512 seconds (JVM running for 4.248)
2020-01-02 10:16:26.160  INFO 10188 --- [http-nio-8093-exec-1] o.a.c.c.C.[Tomcat].[localhost].[/]       : Initializing Spring DispatcherServlet 'dispatcherServlet'
2020-01-02 10:16:26.162  INFO 10188 --- [http-nio-8093-exec-1] o.s.web.servlet.DispatcherServlet        : Initializing Servlet 'dispatcherServlet'
2020-01-02 10:16:26.185  INFO 10188 --- [http-nio-8093-exec-1] o.s.web.servlet.DispatcherServlet        : Completed initialization in 22 ms
2020-01-02 10:16:26.274 DEBUG 10188 --- [http-nio-8093-exec-1] c.e.demo.dao.TeacherMapper.selectById    : ==>  Preparing: SELECT id AS id,`name`,subject,create_date AS createDate FROM teacher WHERE id=? 
2020-01-02 10:16:26.295 DEBUG 10188 --- [http-nio-8093-exec-1] c.e.demo.dao.TeacherMapper.selectById    : ==> Parameters: 1(String)
2020-01-02 10:16:26.358 DEBUG 10188 --- [http-nio-8093-exec-1] c.e.demo.dao.TeacherMapper.selectById    : <==      Total: 1
2020-01-02 10:17:50.423  INFO 10188 --- [Thread-4] org.quartz.core.QuartzScheduler          : Scheduler quartzScheduler_$_NON_CLUSTERED paused.
2020-01-02 10:17:50.425  INFO 10188 --- [Thread-4] o.s.s.quartz.SchedulerFactoryBean        : Shutting down Quartz Scheduler
2020-01-02 10:17:50.425  INFO 10188 --- [Thread-4] org.quartz.core.QuartzScheduler          : Scheduler quartzScheduler_$_NON_CLUSTERED shutting down.
2020-01-02 10:17:50.425  INFO 10188 --- [Thread-4] org.quartz.core.QuartzScheduler          : Scheduler quartzScheduler_$_NON_CLUSTERED paused.
2020-01-02 10:17:50.426  INFO 10188 --- [Thread-4] org.quartz.core.QuartzScheduler          : Scheduler quartzScheduler_$_NON_CLUSTERED shutdown complete.
2020-01-02 10:17:50.427  INFO 10188 --- [Thread-4] o.s.s.concurrent.ThreadPoolTaskExecutor  : Shutting down ExecutorService 'applicationTaskExecutor'
2020-01-02 10:17:50.447  INFO 10188 --- [Thread-4] com.zaxxer.hikari.HikariDataSource       : HikariPool-1 - Shutdown initiated...
2020-01-02 10:17:50.456  INFO 10188 --- [Thread-4] com.zaxxer.hikari.HikariDataSource       : HikariPool-1 - Shutdown completed.
2020-01-02 10:17:50.696 ERROR 10188 --- [restartedMain] com.example.demo.DemoApplication         : demo project are  running +++++++++++++++++++++++++
2020-01-02 10:17:50.728  INFO 10188 --- [restartedMain] com.example.demo.DemoApplication         : Starting DemoApplication on DESKTOP-RF9T3V1 with PID 10188 (G:\workspace\myDemo\demo\target\classes started by PXX05 in G:\workspace\myDemo\demo)
2020-01-02 10:17:50.728  INFO 10188 --- [restartedMain] com.example.demo.DemoApplication         : The following profiles are active: test
2020-01-02 10:17:51.049  INFO 10188 --- [restartedMain] .s.d.r.c.RepositoryConfigurationDelegate : Multiple Spring Data modules found, entering strict repository configuration mode!
2020-01-02 10:17:51.049  INFO 10188 --- [restartedMain] .s.d.r.c.RepositoryConfigurationDelegate : Bootstrapping Spring Data repositories in DEFAULT mode.
2020-01-02 10:17:51.053  INFO 10188 --- [restartedMain] .s.d.r.c.RepositoryConfigurationDelegate : Finished Spring Data repository scanning in 3ms. Found 0 repository interfaces.
2020-01-02 10:17:51.103  INFO 10188 --- [restartedMain] trationDelegate$BeanPostProcessorChecker : Bean 'org.springframework.transaction.annotation.ProxyTransactionManagementConfiguration' of type [org.springframework.transaction.annotation.ProxyTransactionManagementConfiguration$$EnhancerBySpringCGLIB$$bb6e9a21] is not eligible for getting processed by all BeanPostProcessors (for example: not eligible for auto-proxying)
2020-01-02 10:17:51.163  INFO 10188 --- [restartedMain] o.s.b.w.embedded.tomcat.TomcatWebServer  : Tomcat initialized with port(s): 8093 (http)
2020-01-02 10:17:51.165  INFO 10188 --- [restartedMain] o.apache.catalina.core.StandardService   : Starting service [Tomcat]
2020-01-02 10:17:51.165  INFO 10188 --- [restartedMain] org.apache.catalina.core.StandardEngine  : Starting Servlet engine: [Apache Tomcat/9.0.17]
2020-01-02 10:17:51.186  INFO 10188 --- [restartedMain] o.a.c.c.C.[Tomcat].[localhost].[/]       : Initializing Spring embedded WebApplicationContext
2020-01-02 10:17:51.186  INFO 10188 --- [restartedMain] o.s.web.context.ContextLoader            : Root WebApplicationContext: initialization completed in 456 ms
2020-01-02 10:17:51.256  INFO 10188 --- [restartedMain] com.zaxxer.hikari.HikariDataSource       : HikariPool-2 - Starting...
2020-01-02 10:17:51.261  INFO 10188 --- [restartedMain] com.zaxxer.hikari.HikariDataSource       : HikariPool-2 - Start completed.
2020-01-02 10:17:51.523  INFO 10188 --- [restartedMain] o.s.s.concurrent.ThreadPoolTaskExecutor  : Initializing ExecutorService 'applicationTaskExecutor'
2020-01-02 10:17:51.540  INFO 10188 --- [restartedMain] o.s.b.d.a.OptionalLiveReloadServer       : LiveReload server is running on port 35729
2020-01-02 10:17:51.565  INFO 10188 --- [restartedMain] o.s.b.a.w.s.WelcomePageHandlerMapping    : Adding welcome page: class path resource [static/index.html]
2020-01-02 10:17:51.624  INFO 10188 --- [restartedMain] org.quartz.impl.StdSchedulerFactory      : Using default implementation for ThreadExecutor
2020-01-02 10:17:51.625  INFO 10188 --- [restartedMain] org.quartz.core.SchedulerSignalerImpl    : Initialized Scheduler Signaller of type: class org.quartz.core.SchedulerSignalerImpl
2020-01-02 10:17:51.625  INFO 10188 --- [restartedMain] org.quartz.core.QuartzScheduler          : Quartz Scheduler v.2.2.1 created.
2020-01-02 10:17:51.625  INFO 10188 --- [restartedMain] org.quartz.simpl.RAMJobStore             : RAMJobStore initialized.
2020-01-02 10:17:51.625  INFO 10188 --- [restartedMain] org.quartz.core.QuartzScheduler          : Scheduler meta-data: Quartz Scheduler (v2.2.1) 'quartzScheduler' with instanceId 'NON_CLUSTERED'
  Scheduler class: 'org.quartz.core.QuartzScheduler' - running locally.
  NOT STARTED.
  Currently in standby mode.
  Number of jobs executed: 0
  Using thread pool 'org.quartz.simpl.SimpleThreadPool' - with 10 threads.
  Using job-store 'org.quartz.simpl.RAMJobStore' - which does not support persistence. and is not clustered.

2020-01-02 10:17:51.625  INFO 10188 --- [restartedMain] org.quartz.impl.StdSchedulerFactory      : Quartz scheduler 'quartzScheduler' initialized from an externally provided properties instance.
2020-01-02 10:17:51.625  INFO 10188 --- [restartedMain] org.quartz.impl.StdSchedulerFactory      : Quartz scheduler version: 2.2.1
2020-01-02 10:17:51.625  INFO 10188 --- [restartedMain] org.quartz.core.QuartzScheduler          : JobFactory set to: org.springframework.scheduling.quartz.SpringBeanJobFactory@52e8e45f
2020-01-02 10:17:51.661  INFO 10188 --- [restartedMain] d.s.w.p.DocumentationPluginsBootstrapper : Context refreshed
2020-01-02 10:17:51.661  INFO 10188 --- [restartedMain] d.s.w.p.DocumentationPluginsBootstrapper : Found 1 custom documentation plugin(s)
2020-01-02 10:17:51.663  INFO 10188 --- [restartedMain] s.d.s.w.s.ApiListingReferenceScanner     : Scanning for api listing references
2020-01-02 10:17:51.663  INFO 10188 --- [restartedMain] o.s.s.quartz.SchedulerFactoryBean        : Starting Quartz Scheduler now
2020-01-02 10:17:51.663  INFO 10188 --- [restartedMain] org.quartz.core.QuartzScheduler          : Scheduler quartzScheduler_$_NON_CLUSTERED started.
2020-01-02 10:17:51.668  INFO 10188 --- [restartedMain] o.s.b.w.embedded.tomcat.TomcatWebServer  : Tomcat started on port(s): 8093 (http) with context path ''
2020-01-02 10:17:51.668  INFO 10188 --- [restartedMain] com.example.demo.DemoApplication         : Started DemoApplication in 0.966 seconds (JVM running for 93.97)
2020-01-02 10:17:51.671  INFO 10188 --- [restartedMain] .ConditionEvaluationDeltaLoggingListener : Condition evaluation unchanged
2020-01-02 10:17:53.662  INFO 10188 --- [http-nio-8093-exec-1] o.a.c.c.C.[Tomcat].[localhost].[/]       : Initializing Spring DispatcherServlet 'dispatcherServlet'
2020-01-02 10:17:53.663  INFO 10188 --- [http-nio-8093-exec-1] o.s.web.servlet.DispatcherServlet        : Initializing Servlet 'dispatcherServlet'
2020-01-02 10:17:53.667  INFO 10188 --- [http-nio-8093-exec-1] o.s.web.servlet.DispatcherServlet        : Completed initialization in 4 ms
2020-01-02 10:17:53.669 DEBUG 10188 --- [http-nio-8093-exec-1] c.e.demo.dao.TeacherMapper.selectById    : ==>  Preparing: SELECT id AS id,`name`,subject,create_date AS createDate FROM teacher WHERE id=? 
2020-01-02 10:17:53.670 DEBUG 10188 --- [http-nio-8093-exec-1] c.e.demo.dao.TeacherMapper.selectById    : ==> Parameters: 1(String)
2020-01-02 10:17:53.671 DEBUG 10188 --- [http-nio-8093-exec-1] c.e.demo.dao.TeacherMapper.selectById    : <==      Total: 1
2020-01-02 10:18:12.701  INFO 10188 --- [Thread-10] org.quartz.core.QuartzScheduler          : Scheduler quartzScheduler_$_NON_CLUSTERED paused.
2020-01-02 10:18:12.702  INFO 10188 --- [Thread-10] o.s.s.quartz.SchedulerFactoryBean        : Shutting down Quartz Scheduler
2020-01-02 10:18:12.703  INFO 10188 --- [Thread-10] org.quartz.core.QuartzScheduler          : Scheduler quartzScheduler_$_NON_CLUSTERED shutting down.
2020-01-02 10:18:12.703  INFO 10188 --- [Thread-10] org.quartz.core.QuartzScheduler          : Scheduler quartzScheduler_$_NON_CLUSTERED paused.
2020-01-02 10:18:12.703  INFO 10188 --- [Thread-10] org.quartz.core.QuartzScheduler          : Scheduler quartzScheduler_$_NON_CLUSTERED shutdown complete.
2020-01-02 10:18:12.704  INFO 10188 --- [Thread-10] o.s.s.concurrent.ThreadPoolTaskExecutor  : Shutting down ExecutorService 'applicationTaskExecutor'
2020-01-02 10:18:12.714  INFO 10188 --- [Thread-10] com.zaxxer.hikari.HikariDataSource       : HikariPool-2 - Shutdown initiated...
2020-01-02 10:18:12.729  INFO 10188 --- [Thread-10] com.zaxxer.hikari.HikariDataSource       : HikariPool-2 - Shutdown completed.
2020-01-02 10:18:12.948 ERROR 10188 --- [restartedMain] com.example.demo.DemoApplication         : demo project are  running +++++++++++++++++++++++++
2020-01-02 10:18:12.975  INFO 10188 --- [restartedMain] com.example.demo.DemoApplication         : Starting DemoApplication on DESKTOP-RF9T3V1 with PID 10188 (G:\workspace\myDemo\demo\target\classes started by PXX05 in G:\workspace\myDemo\demo)
2020-01-02 10:18:12.975  INFO 10188 --- [restartedMain] com.example.demo.DemoApplication         : The following profiles are active: test
2020-01-02 10:18:13.298  INFO 10188 --- [restartedMain] .s.d.r.c.RepositoryConfigurationDelegate : Multiple Spring Data modules found, entering strict repository configuration mode!
2020-01-02 10:18:13.298  INFO 10188 --- [restartedMain] .s.d.r.c.RepositoryConfigurationDelegate : Bootstrapping Spring Data repositories in DEFAULT mode.
2020-01-02 10:18:13.302  INFO 10188 --- [restartedMain] .s.d.r.c.RepositoryConfigurationDelegate : Finished Spring Data repository scanning in 4ms. Found 0 repository interfaces.
2020-01-02 10:18:13.351  INFO 10188 --- [restartedMain] trationDelegate$BeanPostProcessorChecker : Bean 'org.springframework.transaction.annotation.ProxyTransactionManagementConfiguration' of type [org.springframework.transaction.annotation.ProxyTransactionManagementConfiguration$$EnhancerBySpringCGLIB$$bb6e9a21] is not eligible for getting processed by all BeanPostProcessors (for example: not eligible for auto-proxying)
2020-01-02 10:18:13.406  INFO 10188 --- [restartedMain] o.s.b.w.embedded.tomcat.TomcatWebServer  : Tomcat initialized with port(s): 8093 (http)
2020-01-02 10:18:13.407  INFO 10188 --- [restartedMain] o.apache.catalina.core.StandardService   : Starting service [Tomcat]
2020-01-02 10:18:13.407  INFO 10188 --- [restartedMain] org.apache.catalina.core.StandardEngine  : Starting Servlet engine: [Apache Tomcat/9.0.17]
2020-01-02 10:18:13.421  INFO 10188 --- [restartedMain] o.a.c.c.C.[Tomcat].[localhost].[/]       : Initializing Spring embedded WebApplicationContext
2020-01-02 10:18:13.421  INFO 10188 --- [restartedMain] o.s.web.context.ContextLoader            : Root WebApplicationContext: initialization completed in 444 ms
2020-01-02 10:18:13.502  INFO 10188 --- [restartedMain] com.zaxxer.hikari.HikariDataSource       : HikariPool-3 - Starting...
2020-01-02 10:18:13.508  INFO 10188 --- [restartedMain] com.zaxxer.hikari.HikariDataSource       : HikariPool-3 - Start completed.
2020-01-02 10:18:13.715  INFO 10188 --- [restartedMain] o.s.s.concurrent.ThreadPoolTaskExecutor  : Initializing ExecutorService 'applicationTaskExecutor'
2020-01-02 10:18:13.730  INFO 10188 --- [restartedMain] o.s.b.d.a.OptionalLiveReloadServer       : LiveReload server is running on port 35729
2020-01-02 10:18:13.750  INFO 10188 --- [restartedMain] o.s.b.a.w.s.WelcomePageHandlerMapping    : Adding welcome page: class path resource [static/index.html]
2020-01-02 10:18:13.808  INFO 10188 --- [restartedMain] org.quartz.impl.StdSchedulerFactory      : Using default implementation for ThreadExecutor
2020-01-02 10:18:13.809  INFO 10188 --- [restartedMain] org.quartz.core.SchedulerSignalerImpl    : Initialized Scheduler Signaller of type: class org.quartz.core.SchedulerSignalerImpl
2020-01-02 10:18:13.810  INFO 10188 --- [restartedMain] org.quartz.core.QuartzScheduler          : Quartz Scheduler v.2.2.1 created.
2020-01-02 10:18:13.810  INFO 10188 --- [restartedMain] org.quartz.simpl.RAMJobStore             : RAMJobStore initialized.
2020-01-02 10:18:13.810  INFO 10188 --- [restartedMain] org.quartz.core.QuartzScheduler          : Scheduler meta-data: Quartz Scheduler (v2.2.1) 'quartzScheduler' with instanceId 'NON_CLUSTERED'
  Scheduler class: 'org.quartz.core.QuartzScheduler' - running locally.
  NOT STARTED.
  Currently in standby mode.
  Number of jobs executed: 0
  Using thread pool 'org.quartz.simpl.SimpleThreadPool' - with 10 threads.
  Using job-store 'org.quartz.simpl.RAMJobStore' - which does not support persistence. and is not clustered.

2020-01-02 10:18:13.810  INFO 10188 --- [restartedMain] org.quartz.impl.StdSchedulerFactory      : Quartz scheduler 'quartzScheduler' initialized from an externally provided properties instance.
2020-01-02 10:18:13.810  INFO 10188 --- [restartedMain] org.quartz.impl.StdSchedulerFactory      : Quartz scheduler version: 2.2.1
2020-01-02 10:18:13.810  INFO 10188 --- [restartedMain] org.quartz.core.QuartzScheduler          : JobFactory set to: org.springframework.scheduling.quartz.SpringBeanJobFactory@50d1c2d7
2020-01-02 10:18:13.847  INFO 10188 --- [restartedMain] d.s.w.p.DocumentationPluginsBootstrapper : Context refreshed
2020-01-02 10:18:13.847  INFO 10188 --- [restartedMain] d.s.w.p.DocumentationPluginsBootstrapper : Found 1 custom documentation plugin(s)
2020-01-02 10:18:13.848  INFO 10188 --- [restartedMain] s.d.s.w.s.ApiListingReferenceScanner     : Scanning for api listing references
2020-01-02 10:18:13.848  INFO 10188 --- [restartedMain] o.s.s.quartz.SchedulerFactoryBean        : Starting Quartz Scheduler now
2020-01-02 10:18:13.849  INFO 10188 --- [restartedMain] org.quartz.core.QuartzScheduler          : Scheduler quartzScheduler_$_NON_CLUSTERED started.
2020-01-02 10:18:13.853  INFO 10188 --- [restartedMain] o.s.b.w.embedded.tomcat.TomcatWebServer  : Tomcat started on port(s): 8093 (http) with context path ''
2020-01-02 10:18:13.853  INFO 10188 --- [restartedMain] com.example.demo.DemoApplication         : Started DemoApplication in 0.901 seconds (JVM running for 116.155)
2020-01-02 10:18:13.855  INFO 10188 --- [restartedMain] .ConditionEvaluationDeltaLoggingListener : Condition evaluation unchanged
